#
# There is insufficient memory for the Java Runtime Environment to continue.
# Native memory allocation (mmap) failed to map 65536 bytes for Failed to commit area from 0x000001a8d9c70000 to 0x000001a8d9c80000 of length 65536.
# Possible reasons:
#   The system is out of physical RAM or swap space
#   The process is running with CompressedOops enabled, and the Java Heap may be blocking the growth of the native heap
# Possible solutions:
#   Reduce memory load on the system
#   Increase physical memory or swap space
#   Check if swap backing store is full
#   Decrease Java heap size (-Xmx/-Xms)
#   Decrease number of Java threads
#   Decrease Java thread stack sizes (-Xss)
#   Set larger code cache with -XX:ReservedCodeCacheSize=
# This output file may be truncated or incomplete.
#
#  Out of Memory Error (./src/hotspot/os/windows/os_windows.cpp:3619), pid=7564, tid=11500
#
# JRE version:  (11.0.13) (build )
# Java VM: OpenJDK 64-Bit Server VM (11.0.13+0-b1751.21-8125866, mixed mode, sharing, tiered, compressed oops, g1 gc, windows-amd64)
# No core dump will be written. Minidumps are not enabled by default on client versions of Windows
#

---------------  S U M M A R Y ------------

Command Line: -javaagent:E:\AndroidStudio\lib\idea_rt.jar=50246:E:\AndroidStudio\bin -Dfile.encoding=UTF-8 com.example.kotlinbasics.BasicCommandsKt

Host: AMD Ryzen 5 2600 Six-Core Processor            , 12 cores, 15G,  Windows 11 , 64 bit Build 22621 (10.0.22621.755)
Time: Thu Nov 17 12:13:23 2022 Hora oficial do Brasil elapsed time: 0.013325 seconds (0d 0h 0m 0s)

---------------  T H R E A D  ---------------

Current thread (0x000001a8bf191800):  JavaThread "Unknown thread" [_thread_in_vm, id=11500, stack(0x00000065ab200000,0x00000065ab300000)]

Stack: [0x00000065ab200000,0x00000065ab300000]
Native frames: (J=compiled Java code, j=interpreted, Vv=VM code, C=native code)
V  [jvm.dll+0x6100fa]
V  [jvm.dll+0x747090]
V  [jvm.dll+0x7486ad]
V  [jvm.dll+0x748d83]
V  [jvm.dll+0x24ab48]
V  [jvm.dll+0x60d164]
V  [jvm.dll+0x601e75]
V  [jvm.dll+0x308bdb]
V  [jvm.dll+0x308b4a]
V  [jvm.dll+0x308a22]
V  [jvm.dll+0x30da95]
V  [jvm.dll+0x3570b7]
V  [jvm.dll+0x357796]
V  [jvm.dll+0x357193]
V  [jvm.dll+0x2e3448]
V  [jvm.dll+0x2e45f7]
V  [jvm.dll+0x7242e7]
V  [jvm.dll+0x725adc]
V  [jvm.dll+0x364629]
V  [jvm.dll+0x707cee]
V  [jvm.dll+0x3d2633]
V  [jvm.dll+0x3d4a21]
C  [jli.dll+0x536b]
C  [ucrtbase.dll+0x29363]
C  [KERNEL32.DLL+0x1244d]
C  [ntdll.dll+0x5dfb8]


---------------  P R O C E S S  ---------------

Threads class SMR info:
_java_thread_list=0x000001a8beef87d0, length=0, elements={
}

Java Threads: ( => current thread )

Other Threads:
  0x000001a8bf1a9000 GCTaskThread "GC Thread#0" [stack: 0x00000065ab300000,0x00000065ab400000] [id=6468]
  0x000001a8bf206800 ConcurrentGCThread "G1 Main Marker" [stack: 0x00000065ab400000,0x00000065ab500000] [id=15220]
  0x000001a8bf208800 ConcurrentGCThread "G1 Conc#0" [stack: 0x00000065ab500000,0x00000065ab600000] [id=5532]

[error occurred during error reporting (printing all threads), id 0xc0000005, EXCEPTION_ACCESS_VIOLATION (0xc0000005) at pc=0x00007ffc5d7e3dd7]

VM state:not at safepoint (not fully initialized)

VM Mutex/Monitor currently owned by a thread:  ([mutex/lock_event])
[0x000001a8bf18e500] Heap_lock - owner thread: 0x000001a8bf191800

Heap address: 0x0000000700c00000, size: 4084 MB, Compressed Oops mode: Non-zero based: 0x0000000700c00000
Narrow klass base: 0x0000000000000000, Narrow klass shift: 0

GC Heap History (0 events):
No events

Deoptimization events (0 events):
No events

Classes redefined (0 events):
No events

Internal exceptions (0 events):
No events

Events (1 events):
Event: 0.007 Loaded shared library E:\AndroidStudio\jre\bin\zip.dll


Dynamic libraries:
0x00007ff630e80000 - 0x00007ff630e8a000 	E:\AndroidStudio\jre\bin\java.exe
0x00007ffce1bb0000 - 0x00007ffce1dc4000 	C:\WINDOWS\SYSTEM32\ntdll.dll
0x00007ffce13d0000 - 0x00007ffce1492000 	C:\WINDOWS\System32\KERNEL32.DLL
0x00007ffcdf350000 - 0x00007ffcdf6ed000 	C:\WINDOWS\System32\KERNELBASE.dll
0x00007ffcdf6f0000 - 0x00007ffcdf801000 	C:\WINDOWS\System32\ucrtbase.dll
0x00007ffcdc0d0000 - 0x00007ffcdc0e7000 	E:\AndroidStudio\jre\bin\VCRUNTIME140.dll
0x00007ffcdc1d0000 - 0x00007ffcdc1e9000 	E:\AndroidStudio\jre\bin\jli.dll
0x00007ffce0910000 - 0x00007ffce0aba000 	C:\WINDOWS\System32\USER32.dll
0x00007ffcdf810000 - 0x00007ffcdf836000 	C:\WINDOWS\System32\win32u.dll
0x00007ffccd6d0000 - 0x00007ffccd95e000 	C:\WINDOWS\WinSxS\amd64_microsoft.windows.common-controls_6595b64144ccf1df_6.0.22621.608_none_a9444ca7c10bb01d\COMCTL32.dll
0x00007ffcdfc10000 - 0x00007ffcdfc39000 	C:\WINDOWS\System32\GDI32.dll
0x00007ffce0620000 - 0x00007ffce06c7000 	C:\WINDOWS\System32\msvcrt.dll
0x00007ffcdf050000 - 0x00007ffcdf162000 	C:\WINDOWS\System32\gdi32full.dll
0x00007ffcdf2b0000 - 0x00007ffcdf34a000 	C:\WINDOWS\System32\msvcp_win.dll
0x00007ffce1620000 - 0x00007ffce1652000 	C:\WINDOWS\System32\IMM32.DLL
0x00007ffccf730000 - 0x00007ffccf7cd000 	E:\AndroidStudio\jre\bin\msvcp140.dll
0x00007ffc5d4f0000 - 0x00007ffc5dff2000 	E:\AndroidStudio\jre\bin\server\jvm.dll
0x00007ffce1930000 - 0x00007ffce19de000 	C:\WINDOWS\System32\ADVAPI32.dll
0x00007ffce0570000 - 0x00007ffce0614000 	C:\WINDOWS\System32\sechost.dll
0x00007ffce06d0000 - 0x00007ffce07e5000 	C:\WINDOWS\System32\RPCRT4.dll
0x00007ffcdfc00000 - 0x00007ffcdfc08000 	C:\WINDOWS\System32\PSAPI.DLL
0x00007ffcdc4d0000 - 0x00007ffcdc4d9000 	C:\WINDOWS\SYSTEM32\WSOCK32.dll
0x00007ffcd82a0000 - 0x00007ffcd82d4000 	C:\WINDOWS\SYSTEM32\WINMM.dll
0x00007ffce19f0000 - 0x00007ffce1a61000 	C:\WINDOWS\System32\WS2_32.dll
0x00007ffcd7620000 - 0x00007ffcd762a000 	C:\WINDOWS\SYSTEM32\VERSION.dll
0x00007ffcde140000 - 0x00007ffcde158000 	C:\WINDOWS\SYSTEM32\kernel.appcore.dll
0x00007ffcdc0f0000 - 0x00007ffcdc101000 	E:\AndroidStudio\jre\bin\verify.dll
0x00007ffcd7c40000 - 0x00007ffcd7e6e000 	C:\WINDOWS\SYSTEM32\DBGHELP.DLL
0x00007ffce0ba0000 - 0x00007ffce0f2a000 	C:\WINDOWS\System32\combase.dll
0x00007ffce0480000 - 0x00007ffce0557000 	C:\WINDOWS\System32\OLEAUT32.dll
0x00007ffccddc0000 - 0x00007ffccddf2000 	C:\WINDOWS\SYSTEM32\dbgcore.DLL
0x00007ffcdf170000 - 0x00007ffcdf1eb000 	C:\WINDOWS\System32\bcryptPrimitives.dll
0x00007ffcdab80000 - 0x00007ffcdaba9000 	E:\AndroidStudio\jre\bin\java.dll
0x00007ffcdab70000 - 0x00007ffcdab7b000 	E:\AndroidStudio\jre\bin\jimage.dll
0x00007ffcda840000 - 0x00007ffcda84f000 	E:\AndroidStudio\jre\bin\instrument.dll
0x00007ffcc8e20000 - 0x00007ffcc8e38000 	E:\AndroidStudio\jre\bin\zip.dll

dbghelp: loaded successfully - version: 4.0.5 - missing functions: none
symbol engine: initialized successfully - sym options: 0x614 - pdb path: .;E:\AndroidStudio\jre\bin;C:\WINDOWS\SYSTEM32;C:\WINDOWS\WinSxS\amd64_microsoft.windows.common-controls_6595b64144ccf1df_6.0.22621.608_none_a9444ca7c10bb01d;E:\AndroidStudio\jre\bin\server

VM Arguments:
jvm_args: -javaagent:E:\AndroidStudio\lib\idea_rt.jar=50246:E:\AndroidStudio\bin -Dfile.encoding=UTF-8 
java_command: com.example.kotlinbasics.BasicCommandsKt
java_class_path (initial): C:\Users\julia\AppData\Local\Android\Sdk\platforms\android-32\android.jar;C:\Users\julia\AppData\Local\Android\Sdk\platforms\android-32\data\res;E:\ProjetosAndroid\KotlinBasics\build\classes\production\KotlinBasics.app.main;E:\ProjetosAndroid\KotlinBasics\app\build\intermediates\javac\debug\classes;E:\ProjetosAndroid\KotlinBasics\app\build\tmp\kotlin-classes\debug;E:\ProjetosAndroid\KotlinBasics\app\build\intermediates\compile_and_runtime_not_namespaced_r_class_jar\debug\R.jar;E:\ProjetosAndroid\KotlinBasics\app\build\generated\res\resValues\debug;C:\Users\julia\.gradle\caches\modules-2\files-2.1\org.jetbrains.kotlin\kotlin-stdlib-jdk8\1.7.20\eac6656981d9d7156e838467d2d8d79093b1570\kotlin-stdlib-jdk8-1.7.20.jar;C:\Users\julia\.gradle\caches\modules-2\files-2.1\org.jetbrains.kotlin\kotlin-stdlib\1.7.20\726594ea9ba2beb2ee113647fefa9a10f9fabe52\kotlin-stdlib-1.7.20.jar;C:\Users\julia\.gradle\caches\modules-2\files-2.1\org.jetbrains.kotlin\kotlin-stdlib-common\1.7.20\e15351bdaf9fa06f009be5da7a202e4184f00ae3\kotlin-stdlib-common-1.7.20.jar;C:\Users\julia\.gradle\caches\modules-2\files-2.1\org.jetbrains\annotations\13.0\919f0dfe192fb4e063e7dacadee7f8bb9a2672a9\annotations-13.0.jar;C:\Users\julia\.gradle\caches\modules-2\files-2.1\org.jetbrains.kotlin\kotlin-stdlib-jdk7\1.7.20\2a729aa8763306368e665e2b747abd1dfd29b9d5\kotlin-stdlib-jdk7-1.7.20.jar;C:\Users\julia\.gradle\caches\modules-2\files-2.1\androidx.annotation\annotation\1.3.0\21f49f5f9b85fc49de712539f79123119740595\annotation-1.3.0.jar;C:\Users\julia\.gradle\caches\modules-2\files-2.1\androidx.arch.core\core-common\2.1.0\b3152fc64428c9354344bd89848ecddc09b6f07e\core-common-2.1.0.jar;C:\Users\julia\.gradle\caches\modules-2\files-2.1\androidx.lifecycle\lifecycle-common\2.5.1\1fdb7349701e9cf2f0a69fc10642b6fef6bb3e12\lifecycle-common-2.5.1.jar;C:\Users\julia\.gradle\caches\modules-2\files-2.1\androidx.collection\collection\1.1.0\1f27220b47669781457de0d600849a5de0e89909\collection-1.1.0.jar;C:
Launcher Type: SUN_STANDARD

[Global flags]
     intx CICompilerCount                          = 4                                         {product} {ergonomic}
     uint ConcGCThreads                            = 3                                         {product} {ergonomic}
     uint G1ConcRefinementThreads                  = 10                                        {product} {ergonomic}
   size_t G1HeapRegionSize                         = 1048576                                   {product} {ergonomic}
    uintx GCDrainStackTargetSize                   = 64                                        {product} {ergonomic}
   size_t InitialHeapSize                          = 268435456                                 {product} {ergonomic}
   size_t MarkStackSize                            = 4194304                                   {product} {ergonomic}
   size_t MaxHeapSize                              = 4282384384                                {product} {ergonomic}
   size_t MinHeapDeltaBytes                        = 1048576                                   {product} {ergonomic}
    uintx NonNMethodCodeHeapSize                   = 5836300                                {pd product} {ergonomic}
    uintx NonProfiledCodeHeapSize                  = 122910970                              {pd product} {ergonomic}
    uintx ProfiledCodeHeapSize                     = 122910970                              {pd product} {ergonomic}
    uintx ReservedCodeCacheSize                    = 251658240                              {pd product} {ergonomic}
     bool SegmentedCodeCache                       = true                                      {product} {ergonomic}
     bool UseCompressedClassPointers               = true                                 {lp64_product} {ergonomic}
     bool UseCompressedOops                        = true                                 {lp64_product} {ergonomic}
     bool UseG1GC                                  = true                                      {product} {ergonomic}
     bool UseLargePagesIndividualAllocation        = false                                  {pd product} {ergonomic}

Logging:
Log output configuration:
 #0: stdout all=warning uptime,level,tags
 #1: stderr all=off uptime,level,tags

Environment Variables:
PATH=C:\Program Files\Common Files\Oracle\Java\javapath;C:\Program Files (x86)\Common Files\Oracle\Java\javapath;C:\WINDOWS\system32;C:\WINDOWS;C:\WINDOWS\System32\Wbem;C:\WINDOWS\System32\WindowsPowerShell\v1.0\;C:\WINDOWS\System32\OpenSSH\;C:\Program Files\Git\cmd;C:\Users\julia\AppData\Local\Microsoft\WindowsApps;;C:\Users\julia\AppData\Local\Programs\Microsoft VS Code\bin
USERNAME=julia
OS=Windows_NT
PROCESSOR_IDENTIFIER=AMD64 Family 23 Model 8 Stepping 2, AuthenticAMD



---------------  S Y S T E M  ---------------

OS: Windows 11 , 64 bit Build 22621 (10.0.22621.755)
OS uptime: 0 days 0:45 hours

CPU:total 12 (initial active 12) (12 cores per cpu, 2 threads per core) family 23 model 8 stepping 2 microcode 0x0, cmov, cx8, fxsr, mmx, sse, sse2, sse3, ssse3, sse4.1, sse4.2, popcnt, avx, avx2, aes, clmul, mmxext, 3dnowpref, lzcnt, sse4a, ht, tsc, tscinvbit, tscinv, bmi1, bmi2, adx, sha, fma

Memory: 4k page, system-wide physical 16335M (5922M free)
TotalPageFile size 16335M (AvailPageFile size 5M)
current process WorkingSet (physical memory assigned to process): 15M, peak: 15M
current process commit charge ("private bytes"): 329M, peak: 329M

vm_info: OpenJDK 64-Bit Server VM (11.0.13+0-b1751.21-8125866) for windows-amd64 JRE (11.0.13+0-b1751.21-8125866), built on Feb  2 2022 03:00:22 by "builder" with MS VC++ 14.0 (VS2015)

END.
